Feb 13 19:25:04 srv1079950 dockerd[999]: time="2026-02-13T19:25:04.344451419Z" level=info msg="sbJoin: gwep4 ''->'d64c2126b260', gwep6 ''->''" eid=d64c2126b260 ep=n8n-hxq9-n8n-1 net=n8n-hxq9_default nid=2c5d2e82d2a0
Feb 13 19:25:21 srv1079950 dockerd[999]: time="2026-02-13T19:25:21.974719991Z" level=info msg="ignoring event" container=0c89614e4531923b40580cf80a86df432717af8a096d8a9a4cc55c28f135870f module=libcontainerd namespace=moby topic=/tasks/delete type="*events.TaskDelete"
Feb 13 19:25:22 srv1079950 dockerd[999]: time="2026-02-13T19:25:22.657461008Z" level=info msg="sbJoin: gwep4 ''->'9d7761bed707', gwep6 ''->''" eid=9d7761bed707 ep=n8n-hxq9-n8n-1 net=n8n-hxq9_default nid=2c5d2e82d2a0
Feb 13 19:25:27 srv1079950 dockerd[999]: time="2026-02-13T19:25:27.055360871Z" level=info msg="ignoring event" container=0c89614e4531923b40580cf80a86df432717af8a096d8a9a4cc55c28f135870f module=libcontainerd namespace=moby topic=/tasks/delete type="*events.TaskDelete"
Feb 13 19:25:27 srv1079950 dockerd[999]: time="2026-02-13T19:25:27.080446501Z" level=warning msg="ShouldRestart failed, container will not be restarted" container=0c89614e4531923b40580cf80a86df432717af8a096d8a9a4cc55c28f135870f daemonShuttingDown=false error="restart canceled" execDuration=4.827744504s exitStatus="{143 2026-02-13 19:25:27.026620843 +0000 UTC}" hasBeenManuallyStopped=true restartCount=8
Feb 13 19:25:27 srv1079950 dockerd[999]: time="2026-02-13T19:25:27.617502528Z" level=info msg="sbJoin: gwep4 ''->'b601b12caf15', gwep6 ''->''" eid=b601b12caf15 ep=n8n-hxq9-n8n-1 net=n8n-hxq9_default nid=2c5d2e82d2a0
Feb 13 19:26:25 srv1079950 dockerd[999]: time="2026-02-13T19:26:25.529418111Z" level=info msg="ignoring event" container=0c89614e4531923b40580cf80a86df432717af8a096d8a9a4cc55c28f135870f module=libcontainerd namespace=moby topic=/tasks/delete type="*events.TaskDelete"
Feb 13 19:26:25 srv1079950 dockerd[999]: time="2026-02-13T19:26:25.575901992Z" level=warning msg="ShouldRestart failed, container will not be restarted" container=0c89614e4531923b40580cf80a86df432717af8a096d8a9a4cc55c28f135870f daemonShuttingDown=false error="restart canceled" execDuration=58.326624385s exitStatus="{0 2026-02-13 19:26:25.47254976 +0000 UTC}" hasBeenManuallyStopped=true restartCount=0
Feb 13 19:26:27 srv1079950 dockerd[999]: time="2026-02-13T19:26:27.173978173Z" level=info msg="sbJoin: gwep4 ''->'9f3fe948efea', gwep6 ''->''" eid=9f3fe948efea ep=n8n-hxq9-n8n-1 net=n8n-hxq9_default nid=f8f1f9859d1d spanID=c0b4933b3773fafc traceID=edead91a8afece2a669d114bbc385af0
Feb 13 19:33:10 srv1079950 dockerd[999]: time="2026-02-13T19:33:10.542631107Z" level=info msg="ignoring event" container=295249f76b48395a1584da06060cd73ecb3bd498f2dda2b13a43fc577c47b99a module=libcontainerd namespace=moby topic=/tasks/delete type="*events.TaskDelete"
Feb 13 19:33:10 srv1079950 dockerd[999]: time="2026-02-13T19:33:10.607152595Z" level=warning msg="ShouldRestart failed, container will not be restarted" container=295249f76b48395a1584da06060cd73ecb3bd498f2dda2b13a43fc577c47b99a daemonShuttingDown=false error="restart canceled" execDuration=6m43.731860574s exitStatus="{0 2026-02-13 19:33:10.471406218 +0000 UTC}" hasBeenManuallyStopped=true restartCount=0
Feb 13 19:33:11 srv1079950 dockerd[999]: time="2026-02-13T19:33:11.292382703Z" level=info msg="sbJoin: gwep4 ''->'c4b1180ec230', gwep6 ''->''" eid=c4b1180ec230 ep=n8n-hxq9-n8n-1 net=n8n-hxq9_default nid=f8f1f9859d1d spanID=bfb2c4f6aebf969d traceID=e4e3a276b16bdea74ef1f33de9b06df7
Feb 13 19:42:02 srv1079950 dockerd[999]: time="2026-02-13T19:42:02.990694040Z" level=info msg="sbJoin: gwep4 'c4b1180ec230'->'c4b1180ec230', gwep6 ''->''" eid=2c0b402ea8d6 ep=n8n-hxq9-n8n-1 net=postgresql-pv9y_default nid=4cca66060b99
Feb 13 19:42:03 srv1079950 dockerd[999]: time="2026-02-13T19:42:03.172238069Z" level=info msg="sbJoin: gwep4 'bf5b5d090e61'->'bf5b5d090e61', gwep6 ''->''" eid=204282a898dd ep=openclaw-xbkt-openclaw-1 net=postgresql-pv9y_default nid=4cca66060b99
Feb 13 19:42:12 srv1079950 dockerd[999]: time="2026-02-13T19:42:12.800821710Z" level=info msg="ignoring event" container=fa048b857917a7cfa824f720947fd426ff4d1c5db7be99d79bfa67a5b614e7fa module=libcontainerd namespace=moby topic=/tasks/delete type="*events.TaskDelete"
Feb 13 19:42:14 srv1079950 dockerd[999]: time="2026-02-13T19:42:14.211179507Z" level=info msg="sbJoin: gwep4 ''->'3a55e748e8b9', gwep6 ''->''" eid=3a55e748e8b9 ep=openclaw-xbkt-openclaw-1 net=openclaw-xbkt_default nid=800324f09e47
Feb 13 19:42:14 srv1079950 dockerd[999]: time="2026-02-13T19:42:14.369167123Z" level=info msg="sbJoin: gwep4 '3a55e748e8b9'->'3a55e748e8b9', gwep6 ''->''" eid=22cc5d855fba ep=openclaw-xbkt-openclaw-1 net=postgresql-pv9y_default nid=4cca66060b99
Feb 13 19:43:05 srv1079950 dockerd[999]: time="2026-02-13T19:43:05.948920167Z" level=error msg="copy stream failed" error="reading from a closed fifo" stream=stdout
Feb 13 19:43:05 srv1079950 dockerd[999]: time="2026-02-13T19:43:05.950214388Z" level=error msg="copy stream failed" error="reading from a closed fifo" stream=stderr
Feb 13 19:43:05 srv1079950 dockerd[999]: time="2026-02-13T19:43:05.952833358Z" level=error msg="Error running exec b2c2094ad8e74cb8055a4e3619a0b064d705a1db96309ce8665bdfb64a361590 in container: OCI runtime exec failed: exec failed: unable to start container process: exec: \"ip\": executable file not found in $PATH"
Feb 13 19:43:14 srv1079950 dockerd[999]: time="2026-02-13T19:43:14.847759076Z" level=error msg="copy stream failed" error="reading from a closed fifo" stream=stderr
Feb 13 19:43:14 srv1079950 dockerd[999]: time="2026-02-13T19:43:14.848089168Z" level=error msg="copy stream failed" error="reading from a closed fifo" stream=stdout
Feb 13 19:43:14 srv1079950 dockerd[999]: time="2026-02-13T19:43:14.854180641Z" level=error msg="Error running exec 13716c5e1814253594b21108943aee0bca91cf292c4b4310419d8aa8c5eb318d in container: OCI runtime exec failed: exec failed: unable to start container process: exec: \"nc\": executable file not found in $PATH"
Feb 13 19:43:25 srv1079950 dockerd[999]: time="2026-02-13T19:43:25.548381770Z" level=info msg="ignoring event" container=295249f76b48395a1584da06060cd73ecb3bd498f2dda2b13a43fc577c47b99a module=libcontainerd namespace=moby topic=/tasks/delete type="*events.TaskDelete"
Feb 13 19:43:25 srv1079950 dockerd[999]: time="2026-02-13T19:43:25.582077722Z" level=warning msg="ShouldRestart failed, container will not be restarted" container=295249f76b48395a1584da06060cd73ecb3bd498f2dda2b13a43fc577c47b99a daemonShuttingDown=false error="restart canceled" execDuration=10m14.703380947s exitStatus="{0 2026-02-13 19:43:25.515699062 +0000 UTC}" hasBeenManuallyStopped=true restartCount=0
Feb 13 19:43:27 srv1079950 dockerd[999]: time="2026-02-13T19:43:27.206607369Z" level=info msg="sbJoin: gwep4 ''->'34106c6616fc', gwep6 ''->''" eid=34106c6616fc ep=n8n-hxq9-n8n-1 net=n8n-hxq9_default nid=2bb69e4b7f9e spanID=25c0c7e6bf7aa535 traceID=3991cb41d09277bec1d41021a09c3e42
Feb 13 19:43:27 srv1079950 dockerd[999]: time="2026-02-13T19:43:27.358632995Z" level=info msg="sbJoin: gwep4 '34106c6616fc'->'34106c6616fc', gwep6 ''->''" eid=d11f70bd85db ep=n8n-hxq9-n8n-1 net=postgresql-pv9y_default nid=4cca66060b99 spanID=25c0c7e6bf7aa535 traceID=3991cb41d09277bec1d41021a09c3e42
Feb 13 19:43:51 srv1079950 dockerd[999]: time="2026-02-13T19:43:51.529104698Z" level=info msg="ignoring event" container=fa048b857917a7cfa824f720947fd426ff4d1c5db7be99d79bfa67a5b614e7fa module=libcontainerd namespace=moby topic=/tasks/delete type="*events.TaskDelete"
Feb 13 19:43:51 srv1079950 dockerd[999]: time="2026-02-13T19:43:51.580347711Z" level=warning msg="ShouldRestart failed, container will not be restarted" container=fa048b857917a7cfa824f720947fd426ff4d1c5db7be99d79bfa67a5b614e7fa daemonShuttingDown=false error="restart canceled" execDuration=1m37.837233067s exitStatus="{143 2026-02-13 19:43:51.494154768 +0000 UTC}" hasBeenManuallyStopped=true restartCount=1
Feb 13 19:43:53 srv1079950 dockerd[999]: time="2026-02-13T19:43:53.378209766Z" level=info msg="sbJoin: gwep4 ''->'886acf07e5a9', gwep6 ''->''" eid=886acf07e5a9 ep=openclaw-xbkt-openclaw-1 net=openclaw-xbkt_default nid=d9788635e5a9 spanID=008e7093813b5dee traceID=58b8b0c09b485fd655406a020ab061e8
Feb 13 19:43:53 srv1079950 dockerd[999]: time="2026-02-13T19:43:53.524266736Z" level=info msg="sbJoin: gwep4 '886acf07e5a9'->'886acf07e5a9', gwep6 ''->''" eid=004f75f301a8 ep=openclaw-xbkt-openclaw-1 net=postgresql-pv9y_default nid=4cca66060b99 spanID=008e7093813b5dee traceID=58b8b0c09b485fd655406a020ab061e8
Feb 13 19:44:19 srv1079950 dockerd[999]: time="2026-02-13T19:44:19.691521080Z" level=info msg="ignoring event" container=eceb79598c765824cfe7f01a9dc6c4120062845d9a3845b6638310b1d4cb2ec4 module=libcontainerd namespace=moby topic=/tasks/delete type="*events.TaskDelete"
Feb 13 19:44:19 srv1079950 dockerd[999]: time="2026-02-13T19:44:19.750266275Z" level=warning msg="ShouldRestart failed, container will not be restarted" container=eceb79598c765824cfe7f01a9dc6c4120062845d9a3845b6638310b1d4cb2ec4 daemonShuttingDown=false error="restart canceled" execDuration=52.851859533s exitStatus="{0 2026-02-13 19:44:19.635670217 +0000 UTC}" hasBeenManuallyStopped=true restartCount=0
Feb 13 19:44:20 srv1079950 dockerd[999]: time="2026-02-13T19:44:20.870377138Z" level=info msg="sbJoin: gwep4 ''->'4dcc07403893', gwep6 ''->''" eid=4dcc07403893 ep=n8n-hxq9-n8n-1 net=n8n-hxq9_default nid=2bb69e4b7f9e spanID=bf2289c6a3a2fb9d traceID=af28943d214fc4f8edf2b9c809b1c5b6
Feb 13 19:44:21 srv1079950 dockerd[999]: time="2026-02-13T19:44:21.062229903Z" level=info msg="sbJoin: gwep4 '4dcc07403893'->'4dcc07403893', gwep6 ''->''" eid=31051a48512e ep=n8n-hxq9-n8n-1 net=postgresql-pv9y_default nid=4cca66060b99 spanID=bf2289c6a3a2fb9d traceID=af28943d214fc4f8edf2b9c809b1c5b6
Feb 13 19:44:27 srv1079950 dockerd[999]: time="2026-02-13T19:44:27.596439482Z" level=info msg="ignoring event" container=047adf0b46f3e7bd1ef0c3be120091832b21c46f2a4870f1be7bed0c9b32a0ec module=libcontainerd namespace=moby topic=/tasks/delete type="*events.TaskDelete"
Feb 13 19:44:27 srv1079950 dockerd[999]: time="2026-02-13T19:44:27.648532588Z" level=warning msg="ShouldRestart failed, container will not be restarted" container=047adf0b46f3e7bd1ef0c3be120091832b21c46f2a4870f1be7bed0c9b32a0ec daemonShuttingDown=false error="restart canceled" execDuration=34.605129181s exitStatus="{143 2026-02-13 19:44:27.539222798 +0000 UTC}" hasBeenManuallyStopped=true restartCount=0
Feb 13 19:44:28 srv1079950 dockerd[999]: time="2026-02-13T19:44:28.859103166Z" level=info msg="sbJoin: gwep4 ''->'c5d1b2d2adfc', gwep6 ''->''" eid=c5d1b2d2adfc ep=openclaw-xbkt-openclaw-1 net=openclaw-xbkt_default nid=d9788635e5a9 spanID=672b5c3e9f01cfe0 traceID=ce0b0d8baf8ed142e570cef0f92eee5d
Feb 13 19:44:29 srv1079950 dockerd[999]: time="2026-02-13T19:44:29.127269419Z" level=info msg="sbJoin: gwep4 'c5d1b2d2adfc'->'c5d1b2d2adfc', gwep6 ''->''" eid=130800f98210 ep=openclaw-xbkt-openclaw-1 net=postgresql-pv9y_default nid=4cca66060b99 spanID=672b5c3e9f01cfe0 traceID=ce0b0d8baf8ed142e570cef0f92eee5d
Feb 13 19:52:41 srv1079950 dockerd[999]: time="2026-02-13T19:52:41.733372526Z" level=info msg="ignoring event" container=fa7362d5ac56c0e647b807f5aa0d6b691b5bcb4be67e109b743143996f9ed2bc module=libcontainerd namespace=moby topic=/tasks/delete type="*events.TaskDelete"
Feb 13 19:52:41 srv1079950 dockerd[999]: time="2026-02-13T19:52:41.767442201Z" level=warning msg="ShouldRestart failed, container will not be restarted" container=fa7362d5ac56c0e647b807f5aa0d6b691b5bcb4be67e109b743143996f9ed2bc daemonShuttingDown=false error="restart canceled" execDuration=8m21.301314665s exitStatus="{0 2026-02-13 19:52:41.69301318 +0000 UTC}" hasBeenManuallyStopped=true restartCount=0
Feb 13 19:52:42 srv1079950 dockerd[999]: time="2026-02-13T19:52:42.659809445Z" level=info msg="sbJoin: gwep4 ''->'f8e76ffe25a1', gwep6 ''->''" eid=f8e76ffe25a1 ep=n8n-hxq9-n8n-1 net=postgresql-pv9y_default nid=4cca66060b99 spanID=152a7b5bd1bd60fc traceID=3fad3aea58f3571241e0854bf1ba54e7
Feb 13 19:52:42 srv1079950 dockerd[999]: time="2026-02-13T19:52:42.802198557Z" level=info msg="sbJoin: gwep4 'f8e76ffe25a1'->'fd0f19b5702b', gwep6 ''->''" eid=fd0f19b5702b ep=n8n-hxq9-n8n-1 net=n8n-hxq9_default nid=2bb69e4b7f9e spanID=152a7b5bd1bd60fc traceID=3fad3aea58f3571241e0854bf1ba54e7
Feb 13 20:51:12 srv1079950 dockerd[999]: time="2026-02-13T20:51:12.115520379Z" level=info msg="sbJoin: gwep4 ''->'dd954e8f125c', gwep6 ''->''" eid=dd954e8f125c ep=openclaw-xbkt-openclaw-1 net=postgresql-pv9y_default nid=4cca66060b99
Feb 13 20:51:12 srv1079950 dockerd[999]: time="2026-02-13T20:51:12.355428689Z" level=info msg="sbJoin: gwep4 'dd954e8f125c'->'efcadc9c78fd', gwep6 ''->''" eid=efcadc9c78fd ep=openclaw-xbkt-openclaw-1 net=openclaw-xbkt_default nid=d9788635e5a9
Feb 13 22:38:41 srv1079950 dockerd[999]: time="2026-02-13T22:38:41.706038161Z" level=error msg="Failed to get event" error="rpc error: code = Unavailable desc = error reading from server: EOF" module=libcontainerd namespace=plugins.moby
Feb 13 22:38:41 srv1079950 dockerd[999]: time="2026-02-13T22:38:41.742710206Z" level=info msg="Waiting for containerd to be ready to restart event processing" module=libcontainerd namespace=plugins.moby
Feb 15 02:19:45 srv1079950 dockerd[999]: time="2026-02-15T02:19:45.519077390Z" level=info msg="ignoring event" container=abd3abf3e9e756a28439af228bfab6d5051042083381aa0c2421d44508ca6a64 module=libcontainerd namespace=moby topic=/tasks/delete type="*events.TaskDelete"
Feb 15 02:19:48 srv1079950 dockerd[999]: time="2026-02-15T02:19:48.171783467Z" level=info msg="sbJoin: gwep4 ''->'2c80b27bddc6', gwep6 ''->''" eid=2c80b27bddc6 ep=openclaw-xbkt-openclaw-1 net=openclaw-xbkt_default nid=d9788635e5a9
Feb 15 02:19:48 srv1079950 dockerd[999]: time="2026-02-15T02:19:48.661667548Z" level=info msg="sbJoin: gwep4 '2c80b27bddc6'->'2c80b27bddc6', gwep6 ''->''" eid=84d76b1d97ab ep=openclaw-xbkt-openclaw-1 net=postgresql-pv9y_default nid=4cca66060b99
Feb 15 02:29:44 srv1079950 dockerd[999]: time="2026-02-15T02:29:44.392709761Z" level=info msg="ignoring event" container=abd3abf3e9e756a28439af228bfab6d5051042083381aa0c2421d44508ca6a64 module=libcontainerd namespace=moby topic=/tasks/delete type="*events.TaskDelete"
Feb 15 02:29:44 srv1079950 dockerd[999]: time="2026-02-15T02:29:44.456695723Z" level=warning msg="ShouldRestart failed, container will not be restarted" container=abd3abf3e9e756a28439af228bfab6d5051042083381aa0c2421d44508ca6a64 daemonShuttingDown=false error="restart canceled" execDuration=9m57.194570373s exitStatus="{143 2026-02-15 02:29:44.219620853 +0000 UTC}" hasBeenManuallyStopped=true restartCount=2
Feb 15 02:29:46 srv1079950 dockerd[999]: time="2026-02-15T02:29:46.379395466Z" level=info msg="sbJoin: gwep4 ''->'eb7f17600a5b', gwep6 ''->''" eid=eb7f17600a5b ep=openclaw-xbkt-openclaw-1 net=postgresql-pv9y_default nid=4cca66060b99 spanID=14c1debb5e21bbe4 traceID=fed60a197480cc3509a36f5d5431b796
Feb 15 02:29:46 srv1079950 dockerd[999]: time="2026-02-15T02:29:46.596053044Z" level=info msg="sbJoin: gwep4 'eb7f17600a5b'->'918a60638f14', gwep6 ''->''" eid=918a60638f14 ep=openclaw-xbkt-openclaw-1 net=openclaw-xbkt_default nid=546a3d2dcae1 spanID=14c1debb5e21bbe4 traceID=fed60a197480cc3509a36f5d5431b796
Feb 15 02:58:43 srv1079950 dockerd[999]: time="2026-02-15T02:58:43.870760982Z" level=info msg="ignoring event" container=2abb91046f634bd0ef38c7281c6e23db1f4fdc64896376b0c1c0acc11843d275 module=libcontainerd namespace=moby topic=/tasks/delete type="*events.TaskDelete"
Feb 15 02:58:46 srv1079950 dockerd[999]: time="2026-02-15T02:58:46.159613732Z" level=info msg="sbJoin: gwep4 ''->'9b3328397f8d', gwep6 ''->''" eid=9b3328397f8d ep=openclaw-xbkt-openclaw-1 net=openclaw-xbkt_default nid=546a3d2dcae1
Feb 15 02:58:46 srv1079950 dockerd[999]: time="2026-02-15T02:58:46.470654509Z" level=info msg="sbJoin: gwep4 '9b3328397f8d'->'9b3328397f8d', gwep6 ''->''" eid=2ddaaa0a81ed ep=openclaw-xbkt-openclaw-1 net=postgresql-pv9y_default nid=4cca66060b99
-- Boot 22a12b00587c44a0842ce6c92dec22a0 --
Feb 15 05:46:10 srv1079950 systemd[1]: Starting docker.service - Docker Application Container Engine...
Feb 15 05:46:32 srv1079950 dockerd[1021]: time="2026-02-15T05:46:32.647036284Z" level=info msg="Starting up"
Feb 15 05:46:32 srv1079950 dockerd[1021]: time="2026-02-15T05:46:32.947141176Z" level=info msg="OTEL tracing is not configured, using no-op tracer provider"
Feb 15 05:46:32 srv1079950 dockerd[1021]: time="2026-02-15T05:46:32.949937684Z" level=info msg="CDI directory does not exist, skipping: failed to monitor for changes: no such file or directory" dir=/etc/cdi
Feb 15 05:46:32 srv1079950 dockerd[1021]: time="2026-02-15T05:46:32.949961284Z" level=info msg="CDI directory does not exist, skipping: failed to monitor for changes: no such file or directory" dir=/var/run/cdi
Feb 15 05:46:33 srv1079950 dockerd[1021]: time="2026-02-15T05:46:33.042021738Z" level=info msg="detected 127.0.0.53 nameserver, assuming systemd-resolved, so using resolv.conf: /run/systemd/resolve/resolv.conf"
Feb 15 05:46:39 srv1079950 dockerd[1021]: time="2026-02-15T05:46:39.344720376Z" level=info msg="Creating a containerd client" address=/run/containerd/containerd.sock timeout=1m0s
Feb 15 05:46:40 srv1079950 dockerd[1021]: time="2026-02-15T05:46:40.046424393Z" level=info msg="Loading containers: start."
Feb 15 05:46:40 srv1079950 dockerd[1021]: time="2026-02-15T05:46:40.249516751Z" level=info msg="NRI is disabled"
Feb 15 05:46:40 srv1079950 dockerd[1021]: time="2026-02-15T05:46:40.342605421Z" level=info msg="Starting daemon with containerd snapshotter integration enabled"
Feb 15 05:46:40 srv1079950 dockerd[1021]: time="2026-02-15T05:46:40.546641349Z" level=info msg="Restoring containers: start."
Feb 15 05:46:41 srv1079950 dockerd[1021]: time="2026-02-15T05:46:41.643382717Z" level=error msg="error unmounting container" container=2abb91046f634bd0ef38c7281c6e23db1f4fdc64896376b0c1c0acc11843d275 error="layer not mounted"
Feb 15 05:46:41 srv1079950 dockerd[1021]: time="2026-02-15T05:46:41.647166772Z" level=error msg="error unmounting container" container=b64b1beca700243241cfd02079f37429ad4d2c9b969f20ae3a64dc5eed36dd1d error="layer not mounted"
Feb 15 05:46:41 srv1079950 dockerd[1021]: time="2026-02-15T05:46:41.743077045Z" level=error msg="error unmounting container" container=c3f59b8e035a8de00be4978df5f597f93235c807aec2015618c379cd5b13c44b error="layer not mounted"
Feb 15 05:46:45 srv1079950 dockerd[1021]: time="2026-02-15T05:46:45.344883475Z" level=info msg="Deleting nftables IPv4 rules" error="exit status 1"
Feb 15 05:46:45 srv1079950 dockerd[1021]: time="2026-02-15T05:46:45.445230270Z" level=info msg="Deleting nftables IPv6 rules" error="exit status 1"
Feb 15 05:46:50 srv1079950 dockerd[1021]: time="2026-02-15T05:46:50.548570322Z" level=warning msg="xtables contention detected while running [--wait -t nat -A PREROUTING -m addrtype --dst-type LOCAL -j DOCKER]: Waited for 2.80 seconds and received \"\""
Feb 15 05:47:11 srv1079950 dockerd[1021]: time="2026-02-15T05:47:11.851616122Z" level=info msg="Removing stale sandbox" cid=c3f59b8e035a isRestore=false sid=05f39b09bed0
Feb 15 05:47:12 srv1079950 dockerd[1021]: time="2026-02-15T05:47:12.746218849Z" level=warning msg="Failed deleting service host entries to the running container: open : no such file or directory"
Feb 15 05:47:13 srv1079950 dockerd[1021]: time="2026-02-15T05:47:13.049750785Z" level=info msg="Removing stale sandbox" cid=2abb91046f63 isRestore=false sid=ad16daf9c032
Feb 15 05:47:13 srv1079950 dockerd[1021]: time="2026-02-15T05:47:13.745624657Z" level=warning msg="Failed deleting service host entries to the running container: open : no such file or directory"
Feb 15 05:47:13 srv1079950 dockerd[1021]: time="2026-02-15T05:47:13.852002609Z" level=warning msg="Failed deleting service host entries to the running container: open : no such file or directory"
Feb 15 05:47:14 srv1079950 dockerd[1021]: time="2026-02-15T05:47:14.145522878Z" level=info msg="Removing stale sandbox" cid=b64b1beca700 isRestore=false sid=fa39efd9a873
Feb 15 05:47:14 srv1079950 dockerd[1021]: time="2026-02-15T05:47:14.950661583Z" level=warning msg="Failed deleting service host entries to the running container: open : no such file or directory"
Feb 15 05:47:15 srv1079950 dockerd[1021]: time="2026-02-15T05:47:15.344973987Z" level=warning msg="Failed deleting service host entries to the running container: open : no such file or directory"
Feb 15 05:47:19 srv1079950 dockerd[1021]: time="2026-02-15T05:47:19.249657222Z" level=warning msg="error locating sandbox id 05f39b09bed0256ece5b1997a4dde4554892158f7b62ed1e14d7c92277d7932e: sandbox 05f39b09bed0256ece5b1997a4dde4554892158f7b62ed1e14d7c92277d7932e not found"
Feb 15 05:47:19 srv1079950 dockerd[1021]: time="2026-02-15T05:47:19.249725917Z" level=warning msg="error locating sandbox id fa39efd9a8737f34f5262bff1f0616f061abd5ed3832f7a958c3d957164bdd18: sandbox fa39efd9a8737f34f5262bff1f0616f061abd5ed3832f7a958c3d957164bdd18 not found"
Feb 15 05:47:19 srv1079950 dockerd[1021]: time="2026-02-15T05:47:19.249745948Z" level=warning msg="error locating sandbox id ad16daf9c03288581386143d3a6ab55905c2ae22872304fd857a94728ae05bce: sandbox ad16daf9c03288581386143d3a6ab55905c2ae22872304fd857a94728ae05bce not found"
Feb 15 05:47:37 srv1079950 dockerd[1021]: time="2026-02-15T05:47:37.345973913Z" level=info msg="sbJoin: gwep4 ''->'35bb85c49492', gwep6 ''->''" eid=35bb85c49492 ep=n8n-hxq9-n8n-1 net=n8n-hxq9_default nid=2bb69e4b7f9e
Feb 15 05:47:37 srv1079950 dockerd[1021]: time="2026-02-15T05:47:37.550683827Z" level=info msg="sbJoin: gwep4 ''->'c93c90c75b7f', gwep6 ''->''" eid=c93c90c75b7f ep=postgresql-pv9y-postgresql-1 net=postgresql-pv9y_default nid=4cca66060b99
Feb 15 05:47:39 srv1079950 dockerd[1021]: time="2026-02-15T05:47:39.846403541Z" level=info msg="sbJoin: gwep4 ''->'fe33bf723cad', gwep6 ''->''" eid=fe33bf723cad ep=openclaw-xbkt-openclaw-1 net=openclaw-xbkt_default nid=546a3d2dcae1
Feb 15 05:47:41 srv1079950 dockerd[1021]: time="2026-02-15T05:47:41.247481383Z" level=info msg="sbJoin: gwep4 '35bb85c49492'->'35bb85c49492', gwep6 ''->''" eid=705e1e7b2a82 ep=n8n-hxq9-n8n-1 net=postgresql-pv9y_default nid=4cca66060b99
Feb 15 05:47:47 srv1079950 dockerd[1021]: time="2026-02-15T05:47:47.848729446Z" level=info msg="sbJoin: gwep4 'fe33bf723cad'->'fe33bf723cad', gwep6 ''->''" eid=f5591075f7f4 ep=openclaw-xbkt-openclaw-1 net=postgresql-pv9y_default nid=4cca66060b99
Feb 15 05:47:49 srv1079950 dockerd[1021]: time="2026-02-15T05:47:49.154017254Z" level=info msg="Loading containers: done."
Feb 15 05:47:50 srv1079950 dockerd[1021]: time="2026-02-15T05:47:49.952797695Z" level=info msg="Docker daemon" commit=6bc6209 containerd-snapshotter=true storage-driver=overlayfs version=29.2.1
Feb 15 05:47:50 srv1079950 dockerd[1021]: time="2026-02-15T05:47:50.050731433Z" level=info msg="Initializing buildkit"
Feb 15 05:47:56 srv1079950 dockerd[1021]: time="2026-02-15T05:47:55.952151645Z" level=info msg="Completed buildkit initialization"
Feb 15 05:47:57 srv1079950 dockerd[1021]: time="2026-02-15T05:47:57.053756111Z" level=info msg="Daemon has completed initialization"
Feb 15 05:47:57 srv1079950 dockerd[1021]: time="2026-02-15T05:47:57.053825055Z" level=info msg="API listen on /run/docker.sock"
Feb 15 05:47:57 srv1079950 systemd[1]: Started docker.service - Docker Application Container Engine.
Feb 15 08:18:56 srv1079950 dockerd[1021]: time="2026-02-15T08:18:56.856474065Z" level=info msg="image pulled" digest="sha256:1ca2e2098ba9ab9e46004f4ee61a3be6080ffee3ed41018a95c4b0fb6454a54b" remote="docker.io/vaultwarden/server:latest" spanID=de50e5f257031dcd traceID=aa9237701c0704a17f71638d3a67545d
Feb 15 08:20:54 srv1079950 dockerd[1021]: time="2026-02-15T08:20:54.350349720Z" level=info msg="sbJoin: gwep4 ''->'b24931f3e0d5', gwep6 ''->''" eid=b24931f3e0d5 ep=vaultwarden-4hhf-vaultwarden-1 net=vaultwarden-4hhf_default nid=c70690feb8d4 spanID=f3840b9e7d711db7 traceID=0e0d972a78ce6db5a54237bb363e3d64
-- Boot 5449839ee6194a0ca507b9a7fec4c1b8 --
Feb 15 08:38:30 srv1079950 systemd[1]: Starting docker.service - Docker Application Container Engine...
Feb 15 08:38:44 srv1079950 dockerd[1086]: time="2026-02-15T08:38:44.263113776Z" level=info msg="Starting up"
Feb 15 08:38:45 srv1079950 dockerd[1086]: time="2026-02-15T08:38:45.260725137Z" level=info msg="OTEL tracing is not configured, using no-op tracer provider"
Feb 15 08:38:45 srv1079950 dockerd[1086]: time="2026-02-15T08:38:45.262923900Z" level=info msg="CDI directory does not exist, skipping: failed to monitor for changes: no such file or directory" dir=/etc/cdi
Feb 15 08:38:45 srv1079950 dockerd[1086]: time="2026-02-15T08:38:45.262948617Z" level=info msg="CDI directory does not exist, skipping: failed to monitor for changes: no such file or directory" dir=/var/run/cdi
Feb 15 08:38:45 srv1079950 dockerd[1086]: time="2026-02-15T08:38:45.264332349Z" level=info msg="detected 127.0.0.53 nameserver, assuming systemd-resolved, so using resolv.conf: /run/systemd/resolve/resolv.conf"
Feb 15 08:38:52 srv1079950 dockerd[1086]: time="2026-02-15T08:38:52.769562471Z" level=info msg="Creating a containerd client" address=/run/containerd/containerd.sock timeout=1m0s
Feb 15 08:38:53 srv1079950 dockerd[1086]: time="2026-02-15T08:38:53.969479418Z" level=info msg="Loading containers: start."
Feb 15 08:38:54 srv1079950 dockerd[1086]: time="2026-02-15T08:38:54.174126307Z" level=info msg="NRI is disabled"
Feb 15 08:38:54 srv1079950 dockerd[1086]: time="2026-02-15T08:38:54.174452140Z" level=info msg="Starting daemon with containerd snapshotter integration enabled"
Feb 15 08:38:54 srv1079950 dockerd[1086]: time="2026-02-15T08:38:54.372474827Z" level=info msg="Restoring containers: start."
Feb 15 08:38:55 srv1079950 dockerd[1086]: time="2026-02-15T08:38:55.975408723Z" level=error msg="error unmounting container" container=b64b1beca700243241cfd02079f37429ad4d2c9b969f20ae3a64dc5eed36dd1d error="layer not mounted"
Feb 15 08:38:55 srv1079950 dockerd[1086]: time="2026-02-15T08:38:55.977621508Z" level=error msg="error unmounting container" container=c3f59b8e035a8de00be4978df5f597f93235c807aec2015618c379cd5b13c44b error="layer not mounted"
Feb 15 08:38:56 srv1079950 dockerd[1086]: time="2026-02-15T08:38:56.075205709Z" level=error msg="error unmounting container" container=25164064de68cab7f14d99b65ad189093ec0bd96c9c9aa77f2114e7221ee8a1a error="layer not mounted"
Feb 15 08:38:56 srv1079950 dockerd[1086]: time="2026-02-15T08:38:56.472365310Z" level=error msg="error unmounting container" container=2abb91046f634bd0ef38c7281c6e23db1f4fdc64896376b0c1c0acc11843d275 error="layer not mounted"
Feb 15 08:38:58 srv1079950 dockerd[1086]: time="2026-02-15T08:38:58.571492610Z" level=info msg="Deleting nftables IPv4 rules" error="exit status 1"
Feb 15 08:38:58 srv1079950 dockerd[1086]: time="2026-02-15T08:38:58.579003696Z" level=info msg="Deleting nftables IPv6 rules" error="exit status 1"
Feb 15 08:39:24 srv1079950 dockerd[1086]: time="2026-02-15T08:39:24.891168704Z" level=info msg="Removing stale sandbox" cid=25164064de68 isRestore=false sid=0ada162c3c0b
Feb 15 08:39:25 srv1079950 dockerd[1086]: time="2026-02-15T08:39:25.986800668Z" level=warning msg="Failed deleting service host entries to the running container: open : no such file or directory"
Feb 15 08:39:26 srv1079950 dockerd[1086]: time="2026-02-15T08:39:26.887422473Z" level=info msg="Removing stale sandbox" cid=2abb91046f63 isRestore=false sid=11fad2b75828
Feb 15 08:39:29 srv1079950 dockerd[1086]: time="2026-02-15T08:39:29.294093065Z" level=warning msg="Failed deleting service host entries to the running container: open : no such file or directory"
Feb 15 08:39:29 srv1079950 dockerd[1086]: time="2026-02-15T08:39:29.587658354Z" level=warning msg="Failed deleting service host entries to the running container: open : no such file or directory"
Feb 15 08:39:30 srv1079950 dockerd[1086]: time="2026-02-15T08:39:30.085212110Z" level=info msg="Removing stale sandbox" cid=b64b1beca700 isRestore=false sid=2f9f6c29e8b6
Feb 15 08:39:32 srv1079950 dockerd[1086]: time="2026-02-15T08:39:32.384273465Z" level=warning msg="Failed deleting service host entries to the running container: open : no such file or directory"
Feb 15 08:39:32 srv1079950 dockerd[1086]: time="2026-02-15T08:39:32.981798674Z" level=warning msg="Failed deleting service host entries to the running container: open : no such file or directory"
Feb 15 08:39:33 srv1079950 dockerd[1086]: time="2026-02-15T08:39:33.782596976Z" level=info msg="Removing stale sandbox" cid=c3f59b8e035a isRestore=false sid=c19331f1b178
Feb 15 08:39:38 srv1079950 dockerd[1086]: time="2026-02-15T08:39:38.379650359Z" level=warning msg="Failed deleting service host entries to the running container: open : no such file or directory"
Feb 15 08:39:41 srv1079950 dockerd[1086]: time="2026-02-15T08:39:41.979260661Z" level=warning msg="error locating sandbox id 0ada162c3c0bc2452047535ded640e994f6028cd0f975887926b4a5bc2676690: sandbox 0ada162c3c0bc2452047535ded640e994f6028cd0f975887926b4a5bc2676690 not found"
Feb 15 08:39:41 srv1079950 dockerd[1086]: time="2026-02-15T08:39:41.979323026Z" level=warning msg="error locating sandbox id c19331f1b178ccfe565d29f252bc9ef0d2550cdae8a3316ce436d20e110112c4: sandbox c19331f1b178ccfe565d29f252bc9ef0d2550cdae8a3316ce436d20e110112c4 not found"
Feb 15 08:39:41 srv1079950 dockerd[1086]: time="2026-02-15T08:39:41.979361596Z" level=warning msg="error locating sandbox id 11fad2b7582883fcdccaedd471473a2454d8a1aedfa335318281943d98db193f: sandbox 11fad2b7582883fcdccaedd471473a2454d8a1aedfa335318281943d98db193f not found"
Feb 15 08:39:41 srv1079950 dockerd[1086]: time="2026-02-15T08:39:41.979376542Z" level=warning msg="error locating sandbox id 2f9f6c29e8b6b88cb41851dc8b506d8284ea38c4cc4b5316910729a5f716af42: sandbox 2f9f6c29e8b6b88cb41851dc8b506d8284ea38c4cc4b5316910729a5f716af42 not found"
Feb 15 08:40:17 srv1079950 dockerd[1086]: time="2026-02-15T08:40:17.579043257Z" level=info msg="sbJoin: gwep4 ''->'23d66f145fa9', gwep6 ''->''" eid=23d66f145fa9 ep=openclaw-xbkt-openclaw-1 net=openclaw-xbkt_default nid=546a3d2dcae1
Feb 15 08:40:17 srv1079950 dockerd[1086]: time="2026-02-15T08:40:17.781028391Z" level=info msg="sbJoin: gwep4 ''->'2499146036ac', gwep6 ''->''" eid=2499146036ac ep=n8n-hxq9-n8n-1 net=n8n-hxq9_default nid=2bb69e4b7f9e
Feb 15 08:40:19 srv1079950 dockerd[1086]: time="2026-02-15T08:40:19.076795663Z" level=info msg="sbJoin: gwep4 ''->'73520857f342', gwep6 ''->''" eid=73520857f342 ep=vaultwarden-4hhf-vaultwarden-1 net=vaultwarden-4hhf_default nid=c70690feb8d4
Feb 15 08:40:20 srv1079950 dockerd[1086]: time="2026-02-15T08:40:20.780004790Z" level=info msg="sbJoin: gwep4 ''->'abd330be9562', gwep6 ''->''" eid=abd330be9562 ep=postgresql-pv9y-postgresql-1 net=postgresql-pv9y_default nid=4cca66060b99
Feb 15 08:40:28 srv1079950 dockerd[1086]: time="2026-02-15T08:40:28.875620060Z" level=info msg="sbJoin: gwep4 '23d66f145fa9'->'23d66f145fa9', gwep6 ''->''" eid=ca7149500a7b ep=openclaw-xbkt-openclaw-1 net=postgresql-pv9y_default nid=4cca66060b99
Feb 15 08:40:31 srv1079950 dockerd[1086]: time="2026-02-15T08:40:31.576779187Z" level=info msg="sbJoin: gwep4 '2499146036ac'->'2499146036ac', gwep6 ''->''" eid=b9bf364874f1 ep=n8n-hxq9-n8n-1 net=postgresql-pv9y_default nid=4cca66060b99
Feb 15 08:40:41 srv1079950 dockerd[1086]: time="2026-02-15T08:40:41.879572065Z" level=info msg="Loading containers: done."
Feb 15 08:40:44 srv1079950 dockerd[1086]: time="2026-02-15T08:40:44.375752376Z" level=info msg="Docker daemon" commit=6bc6209 containerd-snapshotter=true storage-driver=overlayfs version=29.2.1
Feb 15 08:40:44 srv1079950 dockerd[1086]: time="2026-02-15T08:40:44.477377947Z" level=info msg="Initializing buildkit"
Feb 15 08:40:56 srv1079950 dockerd[1086]: time="2026-02-15T08:40:56.776626629Z" level=info msg="Completed buildkit initialization"
Feb 15 08:40:58 srv1079950 dockerd[1086]: time="2026-02-15T08:40:57.669556689Z" level=info msg="Daemon has completed initialization"
Feb 15 08:40:58 srv1079950 dockerd[1086]: time="2026-02-15T08:40:57.669629340Z" level=info msg="API listen on /run/docker.sock"
Feb 15 08:40:57 srv1079950 systemd[1]: Started docker.service - Docker Application Container Engine.
Feb 15 13:59:46 srv1079950 dockerd[1086]: time="2026-02-15T13:59:46.567497942Z" level=info msg="Container failed to exit within 10s of signal 15 - using the force" container=2abb91046f634bd0ef38c7281c6e23db1f4fdc64896376b0c1c0acc11843d275 spanID=58b98d2384dd130e traceID=4234daec71e0bbe03d5e972a6e94fe1c
Feb 15 13:59:54 srv1079950 dockerd[1086]: time="2026-02-15T13:59:54.861513359Z" level=info msg="ignoring event" container=2abb91046f634bd0ef38c7281c6e23db1f4fdc64896376b0c1c0acc11843d275 module=libcontainerd namespace=moby topic=/tasks/delete type="*events.TaskDelete"
Feb 15 13:59:57 srv1079950 dockerd[1086]: time="2026-02-15T13:59:57.667716524Z" level=warning msg="Container failed to exit within 10s of kill - trying direct SIGKILL" container=2abb91046f634bd0ef38c7281c6e23db1f4fdc64896376b0c1c0acc11843d275 error="context deadline exceeded"
Feb 15 14:00:01 srv1079950 dockerd[1086]: time="2026-02-15T14:00:01.872676710Z" level=warning msg="ShouldRestart failed, container will not be restarted" container=2abb91046f634bd0ef38c7281c6e23db1f4fdc64896376b0c1c0acc11843d275 daemonShuttingDown=false error="restart canceled" execDuration=5h20m15.288354157s exitStatus="{143 2026-02-15 13:59:51.97486251 +0000 UTC}" hasBeenManuallyStopped=true restartCount=0
Feb 15 14:00:49 srv1079950 dockerd[1086]: time="2026-02-15T14:00:49.958377589Z" level=info msg="sbJoin: gwep4 ''->'db0cc66a6210', gwep6 ''->''" eid=db0cc66a6210 ep=openclaw-xbkt-openclaw-1 net=postgresql-pv9y_default nid=4cca66060b99 spanID=58b98d2384dd130e traceID=4234daec71e0bbe03d5e972a6e94fe1c
Feb 15 14:00:54 srv1079950 dockerd[1086]: time="2026-02-15T14:00:54.259883716Z" level=info msg="sbJoin: gwep4 'db0cc66a6210'->'50797896d78f', gwep6 ''->''" eid=50797896d78f ep=openclaw-xbkt-openclaw-1 net=openclaw-xbkt_default nid=546a3d2dcae1 spanID=58b98d2384dd130e traceID=4234daec71e0bbe03d5e972a6e94fe1c
Feb 15 15:47:14 srv1079950 dockerd[1086]: time="2026-02-15T15:47:14.164646849Z" level=warning msg="ShouldRestart failed, container will not be restarted" container=25164064de68cab7f14d99b65ad189093ec0bd96c9c9aa77f2114e7221ee8a1a daemonShuttingDown=false error="restart canceled" execDuration=7h7m28.693344393s exitStatus="{0 2026-02-15 15:47:11.860758584 +0000 UTC}" hasBeenManuallyStopped=true restartCount=0
Feb 15 15:47:16 srv1079950 dockerd[1086]: time="2026-02-15T15:47:16.957195770Z" level=info msg="Container failed to exit within 10s of signal 15 - using the force" container=25164064de68cab7f14d99b65ad189093ec0bd96c9c9aa77f2114e7221ee8a1a spanID=1a59e107da8740bb traceID=7028030042d574dc087af8bec08199a6
Feb 15 20:10:30 srv1079950 dockerd[1086]: time="2026-02-15T20:10:29.661643064Z" level=info msg="Container failed to exit within 10s of signal 15 - using the force" container=2abb91046f634bd0ef38c7281c6e23db1f4fdc64896376b0c1c0acc11843d275 spanID=a8c7277fbd6b16b1 traceID=56f68b359b2cc218b1e5570dc68944bc
Feb 15 20:10:43 srv1079950 dockerd[1086]: time="2026-02-15T20:10:43.065030652Z" level=warning msg="Container failed to exit within 10s of kill - trying direct SIGKILL" container=2abb91046f634bd0ef38c7281c6e23db1f4fdc64896376b0c1c0acc11843d275 error="context deadline exceeded"
Feb 15 20:10:47 srv1079950 dockerd[1086]: time="2026-02-15T20:10:47.360826273Z" level=error msg="error killing container: context deadline exceeded" container=2abb91046f634bd0ef38c7281c6e23db1f4fdc64896376b0c1c0acc11843d275 error="tried to kill container, but did not receive an exit event" spanID=a8c7277fbd6b16b1 traceID=56f68b359b2cc218b1e5570dc68944bc
Feb 15 20:10:47 srv1079950 dockerd[1086]: time="2026-02-15T20:10:47.660193430Z" level=error msg="Handler for POST /v1.51/containers/2abb91046f634bd0ef38c7281c6e23db1f4fdc64896376b0c1c0acc11843d275/restart returned error: Cannot restart container 2abb91046f634bd0ef38c7281c6e23db1f4fdc64896376b0c1c0acc11843d275: tried to kill container, but did not receive an exit event" spanID=a8c7277fbd6b16b1 traceID=56f68b359b2cc218b1e5570dc68944bc
Feb 15 20:11:13 srv1079950 dockerd[1086]: time="2026-02-15T20:11:13.260345306Z" level=warning msg="ShouldRestart failed, container will not be restarted" container=2abb91046f634bd0ef38c7281c6e23db1f4fdc64896376b0c1c0acc11843d275 daemonShuttingDown=false error="restart canceled" execDuration=6h10m41.602899258s exitStatus="{143 2026-02-15 20:11:03.258147053 +0000 UTC}" hasBeenManuallyStopped=true restartCount=0
Feb 15 20:14:16 srv1079950 dockerd[1086]: time="2026-02-15T20:14:16.561469843Z" level=info msg="sbJoin: gwep4 ''->'8b87cd5554d5', gwep6 ''->''" eid=8b87cd5554d5 ep=openclaw-xbkt-openclaw-1 net=postgresql-pv9y_default nid=4cca66060b99 spanID=7d91f1ad00df21da traceID=56a14c6e932a7178c7da75d118692be4
Feb 15 20:14:23 srv1079950 dockerd[1086]: time="2026-02-15T20:14:23.160043035Z" level=info msg="sbJoin: gwep4 '8b87cd5554d5'->'65a7e94263f2', gwep6 ''->''" eid=65a7e94263f2 ep=openclaw-xbkt-openclaw-1 net=openclaw-xbkt_default nid=43e85d369cd5 spanID=7d91f1ad00df21da traceID=56a14c6e932a7178c7da75d118692be4
Feb 15 20:36:04 srv1079950 dockerd[1086]: time="2026-02-15T20:36:04.065152627Z" level=error msg="failed to close container stdin" container=c3f59b8e035a8de00be4978df5f597f93235c807aec2015618c379cd5b13c44b error="NotFound: process does not exist fe343b75d8c6552f9de41593ba772be29be06f67e9843efcd251426e929d03e1: not found" module=libcontainerd namespace=moby
-- Boot 390d6367c154460683adaef447d2d9ea --
Feb 15 23:35:20 srv1079950 systemd[1]: Starting docker.service - Docker Application Container Engine...
Feb 15 23:35:47 srv1079950 dockerd[1062]: time="2026-02-15T23:35:46.913758052Z" level=info msg="Starting up"
Feb 15 23:35:47 srv1079950 dockerd[1062]: time="2026-02-15T23:35:47.618680202Z" level=info msg="OTEL tracing is not configured, using no-op tracer provider"
Feb 15 23:35:47 srv1079950 dockerd[1062]: time="2026-02-15T23:35:47.720099895Z" level=info msg="CDI directory does not exist, skipping: failed to monitor for changes: no such file or directory" dir=/var/run/cdi
Feb 15 23:35:47 srv1079950 dockerd[1062]: time="2026-02-15T23:35:47.720142932Z" level=info msg="CDI directory does not exist, skipping: failed to monitor for changes: no such file or directory" dir=/etc/cdi
Feb 15 23:35:47 srv1079950 dockerd[1062]: time="2026-02-15T23:35:47.722698412Z" level=info msg="detected 127.0.0.53 nameserver, assuming systemd-resolved, so using resolv.conf: /run/systemd/resolve/resolv.conf"
Feb 15 23:35:52 srv1079950 dockerd[1062]: time="2026-02-15T23:35:52.411607503Z" level=info msg="Creating a containerd client" address=/run/containerd/containerd.sock timeout=1m0s
Feb 15 23:35:52 srv1079950 dockerd[1062]: time="2026-02-15T23:35:52.716333291Z" level=info msg="Loading containers: start."
Feb 15 23:35:53 srv1079950 dockerd[1062]: time="2026-02-15T23:35:53.511708525Z" level=info msg="NRI is disabled"
Feb 15 23:35:53 srv1079950 dockerd[1062]: time="2026-02-15T23:35:53.511798040Z" level=info msg="Starting daemon with containerd snapshotter integration enabled"
Feb 15 23:35:53 srv1079950 dockerd[1062]: time="2026-02-15T23:35:53.518254819Z" level=info msg="Restoring containers: start."
Feb 15 23:35:55 srv1079950 dockerd[1062]: time="2026-02-15T23:35:55.116003924Z" level=error msg="error unmounting container" container=1303d4c3ada4b99b9e02ac9b1ff342a2cfaf8275157e18a91c5bc51bfa3be302 error="layer not mounted"
Feb 15 23:35:55 srv1079950 dockerd[1062]: time="2026-02-15T23:35:55.318592945Z" level=error msg="error unmounting container" container=b64b1beca700243241cfd02079f37429ad4d2c9b969f20ae3a64dc5eed36dd1d error="layer not mounted"
Feb 15 23:35:55 srv1079950 dockerd[1062]: time="2026-02-15T23:35:55.411744226Z" level=error msg="error unmounting container" container=c3f59b8e035a8de00be4978df5f597f93235c807aec2015618c379cd5b13c44b error="layer not mounted"
Feb 15 23:35:58 srv1079950 dockerd[1062]: time="2026-02-15T23:35:58.414975005Z" level=info msg="Deleting nftables IPv4 rules" error="exit status 1"
Feb 15 23:35:58 srv1079950 dockerd[1062]: time="2026-02-15T23:35:58.519482535Z" level=info msg="Deleting nftables IPv6 rules" error="exit status 1"
Feb 15 23:36:45 srv1079950 dockerd[1062]: time="2026-02-15T23:36:45.401821438Z" level=info msg="Removing stale sandbox" cid=1303d4c3ada4 isRestore=false sid=28cd896cf507
Feb 15 23:36:50 srv1079950 dockerd[1062]: time="2026-02-15T23:36:50.805460834Z" level=warning msg="Failed deleting service host entries to the running container: open : no such file or directory"
Feb 15 23:36:51 srv1079950 dockerd[1062]: time="2026-02-15T23:36:51.405415055Z" level=warning msg="Failed deleting service host entries to the running container: open : no such file or directory"
Feb 15 23:36:52 srv1079950 dockerd[1062]: time="2026-02-15T23:36:51.807201052Z" level=info msg="Removing stale sandbox" cid=c3f59b8e035a isRestore=false sid=6bafba23c26d
Feb 15 23:36:53 srv1079950 dockerd[1062]: time="2026-02-15T23:36:53.401936759Z" level=warning msg="Failed deleting service host entries to the running container: open : no such file or directory"
Feb 15 23:36:53 srv1079950 dockerd[1062]: time="2026-02-15T23:36:53.902730620Z" level=info msg="Removing stale sandbox" cid=b64b1beca700 isRestore=false sid=b6d6697fb7b8
Feb 15 23:36:55 srv1079950 dockerd[1062]: time="2026-02-15T23:36:55.805563517Z" level=warning msg="Failed deleting service host entries to the running container: open : no such file or directory"
Feb 15 23:36:56 srv1079950 dockerd[1062]: time="2026-02-15T23:36:56.303752745Z" level=warning msg="Failed deleting service host entries to the running container: open : no such file or directory"
Feb 15 23:37:04 srv1079950 dockerd[1062]: time="2026-02-15T23:37:04.303637009Z" level=warning msg="error locating sandbox id b6d6697fb7b8e71c7970c6b2b4a5fc361e249ce88b122b5b2b593fdd8b9d87ba: sandbox b6d6697fb7b8e71c7970c6b2b4a5fc361e249ce88b122b5b2b593fdd8b9d87ba not found"
Feb 15 23:37:04 srv1079950 dockerd[1062]: time="2026-02-15T23:37:04.303709312Z" level=warning msg="error locating sandbox id 28cd896cf507cc5da5b3063b1a996ed3010f8b0f30c46f5a66ee9397a7d7923f: sandbox 28cd896cf507cc5da5b3063b1a996ed3010f8b0f30c46f5a66ee9397a7d7923f not found"
Feb 15 23:37:04 srv1079950 dockerd[1062]: time="2026-02-15T23:37:04.303722960Z" level=warning msg="error locating sandbox id 6bafba23c26d2334f6a224056af63633b8c0b82ccb8d63ec2e93757f28dbcf80: sandbox 6bafba23c26d2334f6a224056af63633b8c0b82ccb8d63ec2e93757f28dbcf80 not found"
Feb 15 23:37:37 srv1079950 dockerd[1062]: time="2026-02-15T23:37:37.096822104Z" level=warning msg="xtables contention detected while running [--wait -t nat -I POSTROUTING -d 127.0.0.11 -j DOCKER_POSTROUTING]: Waited for 2.29 seconds and received \"\""
Feb 15 23:37:38 srv1079950 dockerd[1062]: time="2026-02-15T23:37:38.102678935Z" level=info msg="sbJoin: gwep4 ''->'0fd9c9b4630e', gwep6 ''->''" eid=0fd9c9b4630e ep=openclaw-xbkt-openclaw-1 net=openclaw-xbkt_default nid=43e85d369cd5
Feb 15 23:37:42 srv1079950 dockerd[1062]: time="2026-02-15T23:37:42.299327448Z" level=info msg="sbJoin: gwep4 ''->'5354d2aa3940', gwep6 ''->''" eid=5354d2aa3940 ep=n8n-hxq9-n8n-1 net=n8n-hxq9_default nid=2bb69e4b7f9e
Feb 15 23:37:42 srv1079950 dockerd[1062]: time="2026-02-15T23:37:42.300093953Z" level=info msg="sbJoin: gwep4 ''->'c7fabee2973d', gwep6 ''->''" eid=c7fabee2973d ep=postgresql-pv9y-postgresql-1 net=postgresql-pv9y_default nid=4cca66060b99
Feb 15 23:37:45 srv1079950 dockerd[1062]: time="2026-02-15T23:37:45.799062990Z" level=info msg="sbJoin: gwep4 '0fd9c9b4630e'->'0fd9c9b4630e', gwep6 ''->''" eid=a7e3032ab634 ep=openclaw-xbkt-openclaw-1 net=postgresql-pv9y_default nid=4cca66060b99
Feb 15 23:37:56 srv1079950 dockerd[1062]: time="2026-02-15T23:37:56.501739710Z" level=info msg="sbJoin: gwep4 '5354d2aa3940'->'5354d2aa3940', gwep6 ''->''" eid=8194d8916533 ep=n8n-hxq9-n8n-1 net=postgresql-pv9y_default nid=4cca66060b99
Feb 15 23:37:59 srv1079950 dockerd[1062]: time="2026-02-15T23:37:59.408031918Z" level=info msg="Loading containers: done."
Feb 15 23:38:00 srv1079950 dockerd[1062]: time="2026-02-15T23:38:00.403640347Z" level=info msg="Docker daemon" commit=6bc6209 containerd-snapshotter=true storage-driver=overlayfs version=29.2.1
Feb 15 23:38:00 srv1079950 dockerd[1062]: time="2026-02-15T23:38:00.599028037Z" level=info msg="Initializing buildkit"
Feb 15 23:38:08 srv1079950 dockerd[1062]: time="2026-02-15T23:38:08.005997991Z" level=info msg="Completed buildkit initialization"
Feb 15 23:38:10 srv1079950 dockerd[1062]: time="2026-02-15T23:38:10.405451584Z" level=info msg="Daemon has completed initialization"
Feb 15 23:38:10 srv1079950 dockerd[1062]: time="2026-02-15T23:38:10.405537874Z" level=info msg="API listen on /run/docker.sock"
Feb 15 23:38:10 srv1079950 systemd[1]: Started docker.service - Docker Application Container Engine.
Feb 16 01:05:52 srv1079950 dockerd[1062]: time="2026-02-16T01:05:51.527388293Z" level=info msg="ignoring event" container=1303d4c3ada4b99b9e02ac9b1ff342a2cfaf8275157e18a91c5bc51bfa3be302 module=libcontainerd namespace=moby topic=/tasks/delete type="*events.TaskDelete"
