Feb 13 09:33:38 srv1079950 systemd[1]: Started vizion-nn.service - VIZION Neural Network Server (MT5 + OpenClaw).
-- Boot facb5179cb2a43c4a2ace544b7dc093b --
Feb 13 18:34:39 srv1079950 systemd[1]: Started vizion-nn.service - VIZION Neural Network Server (MT5 + OpenClaw).
Feb 13 22:05:10 srv1079950 systemd[1]: Stopping vizion-nn.service - VIZION Neural Network Server (MT5 + OpenClaw)...
Feb 13 22:05:11 srv1079950 systemd[1]: vizion-nn.service: Deactivated successfully.
Feb 13 22:05:11 srv1079950 systemd[1]: Stopped vizion-nn.service - VIZION Neural Network Server (MT5 + OpenClaw).
Feb 13 22:05:11 srv1079950 systemd[1]: vizion-nn.service: Consumed 1min 12.265s CPU time, 299.6M memory peak, 0B memory swap peak.
Feb 13 22:05:11 srv1079950 systemd[1]: Started vizion-nn.service - VIZION Neural Network Server (MT5 + OpenClaw).
Feb 13 22:06:27 srv1079950 systemd[1]: Stopping vizion-nn.service - VIZION Neural Network Server (MT5 + OpenClaw)...
Feb 13 22:06:27 srv1079950 systemd[1]: vizion-nn.service: Deactivated successfully.
Feb 13 22:06:27 srv1079950 systemd[1]: Stopped vizion-nn.service - VIZION Neural Network Server (MT5 + OpenClaw).
Feb 13 22:06:27 srv1079950 systemd[1]: vizion-nn.service: Consumed 6.940s CPU time.
Feb 13 22:06:27 srv1079950 systemd[1]: Started vizion-nn.service - VIZION Neural Network Server (MT5 + OpenClaw).
Feb 15 02:51:10 srv1079950 systemd[1]: Stopping vizion-nn.service - VIZION Neural Network Server (MT5 + OpenClaw)...
Feb 15 02:51:10 srv1079950 systemd[1]: vizion-nn.service: Deactivated successfully.
Feb 15 02:51:10 srv1079950 systemd[1]: Stopped vizion-nn.service - VIZION Neural Network Server (MT5 + OpenClaw).
Feb 15 02:51:10 srv1079950 systemd[1]: vizion-nn.service: Consumed 6min 22.284s CPU time, 140.8M memory peak, 0B memory swap peak.
Feb 15 02:51:10 srv1079950 systemd[1]: Started vizion-nn.service - VIZION Neural Network Server (MT5 + OpenClaw).
-- Boot 22a12b00587c44a0842ce6c92dec22a0 --
Feb 15 05:45:49 srv1079950 systemd[1]: Started vizion-nn.service - VIZION Neural Network Server (MT5 + OpenClaw).
-- Boot 5449839ee6194a0ca507b9a7fec4c1b8 --
Feb 15 08:37:58 srv1079950 systemd[1]: Started vizion-nn.service - VIZION Neural Network Server (MT5 + OpenClaw).
-- Boot 390d6367c154460683adaef447d2d9ea --
Feb 15 23:34:56 srv1079950 systemd[1]: Started vizion-nn.service - VIZION Neural Network Server (MT5 + OpenClaw).
